Loading 3 virtual wifi interfaces
Created mac80211_hwsim device with ID 0
Created mac80211_hwsim device with ID 1
Created mac80211_hwsim device with ID 2
rfkill unblock 2
*** ap1 : ('ip link set wlan2 down',)
*** ap1 : ('ip link set wlan2 name ap1-wlan1',)
*** ap1 : ('ip link set ap1-wlan1 up',)
*** ap1 : ('ip link set', 'ap1-wlan1', 'up')
*** ap1 : ('ethtool -K' , 'ap1-wlan1', 'gro', 'off')
*** ap1 : ('ip link set', 'ap1-wlan1', 'down')
*** ap1 : ('ip link set', 'ap1-wlan1', 'address', '00:00:00:00:00:01')
*** ap1 : ('ip link set', 'ap1-wlan1', 'up')
*** ap1 : ('iw dev', 'ap1-wlan1 set txpower fixed 100')
*** ap1 : ("echo 'interface=ap1-wlan1\ndriver=nl80211\nssid=new-ssid\nwds_sta=1\nhw_mode=g\nchannel=1\nctrl_interface=/var/run/hostapd\nctrl_interface_group=0' > mn43736_ap1-wlan1.apconf",)
> > > > > > > *** ap1 : ('hostapd -B mn43736_ap1-wlan1.apconf ',)
*** ap1 : ('ip link set', 'ap1-wlan1', 'down')
*** ap1 : ('ip link set', 'ap1-wlan1', 'address', '00:00:00:00:00:01')
*** ap1 : ('ip link set', 'ap1-wlan1', 'up')
['mnexec', '-da', '43749', 'tc', 'qdisc', 'replace', 'dev', 'ap1-wlan1', 'root', 'handle', '2:', 'netem', 'rate', '54.0000mbit', 'latency', '1.00ms'
*** ap1 : ('tc qdisc add dev ap1-wlan1 parent 2:1 handle 10: pfifo limit 1000',)
*** ap1 : ('iw dev', 'ap1-wlan1 set txpower fixed 100')
*** ap1 : ('ofdatapath -i ap1-wlan1 punix:/tmp/ap1 -d 100000000001 --no-slicing 1> /tmp/ap1-ofd.log 2> /tmp/ap1-ofd.log &',)
*** ap1 : ('ofprotocol unix:/tmp/ap1 tcp:localhost:6633 --fail=closed  --listen=punix:/tmp/ap1.listen 1> /tmp/ap1-ofp.log 2>/tmp/ap1-ofp.log &',)
